<?xml version="1.0" encoding="utf-8"?><testsuites name="pytest tests"><testsuite name="pytest" errors="0" failures="0" skipped="0" tests="62" time="0.052" timestamp="2026-04-07T18:18:27.792913-03:00" hostname="ubuntu"><testcase classname="tests.test_drawing" name="test_make_shape_known_and_unknown_tools" time="0.000" /><testcase classname="tests.test_drawing" name="test_rectangle_draw_skips_tiny_shapes_and_draws_valid" time="0.000" /><testcase classname="tests.test_drawing" name="test_arrow_draw_short_segment_is_ignored" time="0.000" /><testcase classname="tests.test_drawing" name="test_text_annotation_draw_and_update_behaviour" time="0.000" /><testcase classname="tests.test_export" name="test_crop_surface_applies_bounds" time="0.000" /><testcase classname="tests.test_export" name="test_copy_surface_to_clipboard_without_wlcopy_returns_false" time="0.000" /><testcase classname="tests.test_export" name="test_copy_surface_to_clipboard_success" time="0.001" /><testcase classname="tests.test_export" name="test_copy_surface_to_clipboard_returns_false_when_crop_fails" time="0.000" /><testcase classname="tests.test_export" name="test_save_surface_to_file_cancel_calls_callback" time="0.000" /><testcase classname="tests.test_export" name="test_save_surface_to_file_accept_adds_png_extension" time="0.001" /><testcase classname="tests.test_export" name="test_save_surface_to_file_accept_with_empty_path_calls_none" time="0.000" /><testcase classname="tests.test_export" name="test_save_surface_to_file_accept_save_error_calls_none" time="0.001" /><testcase classname="tests.test_export" name="test_surface_to_pixbuf_handles_write_failures" time="0.000" /><testcase classname="tests.test_main" name="test_do_activate_stores_tray_refs" time="0.000" /><testcase classname="tests.test_main" name="test_trigger_capture_schedules_when_idle" time="0.000" /><testcase classname="tests.test_main" name="test_trigger_capture_ignores_when_in_progress" time="0.000" /><testcase classname="tests.test_main" name="test_start_capture_calls_screencast_and_returns_false" time="0.000" /><testcase classname="tests.test_main" name="test_on_frame_ready_none_resets_flag" time="0.000" /><testcase classname="tests.test_main" name="test_on_selection_cancelled_resets_flag" time="0.000" /><testcase classname="tests.test_main" name="test_on_region_selected_opens_overlay" time="0.000" /><testcase classname="tests.test_main" name="test_on_frame_ready_opens_selector" time="0.000" /><testcase classname="tests.test_main" name="test_on_frame_ready_selector_exception_resets_flag" time="0.000" /><testcase classname="tests.test_main" name="test_on_region_selected_overlay_exception_still_resets_flag" time="0.000" /><testcase classname="tests.test_overlay" name="test_start_annotation_validates_and_updates_state" time="0.000" /><testcase classname="tests.test_overlay" name="test_start_annotation_rejects_invalid_region" time="0.000" /><testcase classname="tests.test_overlay" name="test_handle_text_input_backspace_enter_and_append" time="0.000" /><testcase classname="tests.test_overlay" name="test_handle_text_input_non_printable_returns_false" time="0.000" /><testcase classname="tests.test_overlay" name="test_handle_text_input_unicode_character" time="0.000" /><testcase classname="tests.test_overlay" name="test_undo_restores_previous_shapes" time="0.000" /><testcase classname="tests.test_overlay" name="test_copy_and_save_selection_flow" time="0.000" /><testcase classname="tests.test_overlay" name="test_copy_and_save_selection_noop_without_region" time="0.000" /><testcase classname="tests.test_overlay" name="test_render_to_surface_returns_none_without_roi" time="0.000" /><testcase classname="tests.test_overlay" name="test_set_tool_commits_text_with_content" time="0.000" /><testcase classname="tests.test_overlay" name="test_set_tool_discards_empty_text_and_pops_undo" time="0.000" /><testcase classname="tests.test_overlay" name="test_drag_begin_commits_in_progress_text" time="0.000" /><testcase classname="tests.test_overlay" name="test_on_key_pressed_shortcuts" time="0.000" /><testcase classname="tests.test_screencast" name="test_is_available_reflects_gst_state" time="0.000" /><testcase classname="tests.test_screencast" name="test_capture_frame_unavailable_dispatches_none" time="0.000" /><testcase classname="tests.test_screencast" name="test_capture_frame_starts_watchdog" time="0.000" /><testcase classname="tests.test_screencast" name="test_dispatch_clears_signals_and_calls_callback_once" time="0.000" /><testcase classname="tests.test_screencast" name="test_on_started_without_streams_fails" time="0.000" /><testcase classname="tests.test_screencast" name="test_on_started_with_error_code_fails" time="0.000" /><testcase classname="tests.test_screencast" name="test_on_started_sets_restore_token_and_opens_remote" time="0.000" /><testcase classname="tests.test_screencast" name="test_restore_token_is_persisted_and_loaded" time="0.001" /><testcase classname="tests.test_screencast" name="test_on_new_sample_when_already_delivered_returns_ok" time="0.000" /><testcase classname="tests.test_screencast" name="test_fail_cleans_and_dispatches_none" time="0.000" /><testcase classname="tests.test_screencast" name="test_watchdog_timeout_triggers_fail" time="0.000" /><testcase classname="tests.test_selector" name="test_transform_and_coordinate_conversion" time="0.000" /><testcase classname="tests.test_selector" name="test_sel_rect_win_returns_normalized_rect" time="0.000" /><testcase classname="tests.test_selector" name="test_drag_end_clears_small_selection" time="0.000" /><testcase classname="tests.test_selector" name="test_drag_update_ignores_invalid_start_point" time="0.000" /><testcase classname="tests.test_selector" name="test_confirm_clamps_and_invokes_callback" time="0.000" /><testcase classname="tests.test_selector" name="test_confirm_ignores_too_small_image_selection" time="0.000" /><testcase classname="tests.test_selector" name="test_on_key_escape_closes_and_calls_cancelled" time="0.000" /><testcase classname="tests.test_selector" name="test_on_key_non_escape_returns_false" time="0.000" /><testcase classname="tests.test_tray" name="test_load_icon_pixmap_converts_rgba_to_argb" time="0.000" /><testcase classname="tests.test_tray" name="test_load_icon_pixmap_rgb_assumes_opaque_alpha" time="0.000" /><testcase classname="tests.test_tray" name="test_load_icon_pixmap_failure_returns_empty" time="0.000" /><testcase classname="tests.test_tray" name="test_dbusmenu_event_dispatches_callbacks" time="0.000" /><testcase classname="tests.test_tray" name="test_dbusmenu_eventgroup_dispatches_each_event" time="0.000" /><testcase classname="tests.test_tray" name="test_register_tray_icon_success" time="0.000" /><testcase classname="tests.test_tray" name="test_register_tray_icon_failure" time="0.000" /></testsuite></testsuites>